[1/4921] Adastra … 5 profiles
[2/4921] CGTechnologies … 0 profiles
[3/4921] Dedicatted … 1 profiles
[4/4921] Superion Inc … 1 profiles
[5/4921] Elastify … 0 profiles
[6/4921] Nucleus Networks … 0 profiles
[7/4921] Pathway Communications … 3 profiles
[8/4921] Hexafusion Canada Inc. … 0 profiles
[9/4921] ABM Integrated Solutions … 1 profiles
[10/4921] Synoptek. LLC. … 0 profiles
[11/4921] Insight Global … 11 profiles
[12/4921] Hexaware Technologies … 7 profiles
[13/4921] GAM Tech … 0 profiles
[14/4921] Dyrand Systems … 1 profiles
[15/4921] Connectability IT Support … 1 profiles
[16/4921] Midas Tech … 1 profiles
[17/4921] Cloud Forces … 0 profiles
[18/4921] Sure Systems … 2 profiles
[19/4921] PCX IT … 0 profiles
[20/4921] Simnet … 3 profiles
[21/4921] Axamit … 2 profiles
[22/4921] Modis … 9 profiles
[23/4921] Forward Security Inc. … 1 profiles
[24/4921] Amanah Tech Inc. … 1 profiles
[25/4921] SFY IT | Kelowna IT Services … 0 profiles
[26/4921] IT Partners Inc. … 2 profiles
[27/4921] Nova DBA … 0 profiles
[28/4921] Altanora (formerly Malicis) … 0 profiles
[29/4921] PCe Solutions … 3 profiles
[30/4921] Pilotcore … 0 profiles
[31/4921] Eyes Everywhere IT Consulting … 0 profiles
[32/4921] The ITeam … 4 profiles
[33/4921] SyS Creations … 0 profiles
[34/4921] BeckTek … 3 profiles
[35/4921] Fencecore … 0 profiles
[36/4921] iTBlueprint Solutions Inc. … 1 profiles
[37/4921] InfoMedia Systems Group … 0 profiles
[38/4921] TRINUS Technologies … 0 profiles
[39/4921] Convverge. Inc. … 0 profiles
[40/4921] Layer 7 IT Solutions … 0 profiles
[41/4921] Nuformat Inc. … 0 profiles
[42/4921] Green Bee 3 … 0 profiles
[43/4921] MSP Corp Central … 0 profiles
[44/4921] Cygnik Tech … 0 profiles
[45/4921] CloudVanguard IT … 0 profiles
[46/4921] Cloudthrill … 0 profiles
[47/4921] Carbon60 … 0 profiles
[48/4921] Keeran Networks … 1 profiles
[49/4921] eStruxture Data Centers … 2 profiles
[50/4921] Genieall … 1 profiles
[51/4921] DNSnetworks Corporation … 1 profiles
[52/4921] Genatec … 0 profiles
[53/4921] Nucleus Networks … 0 profiles
[54/4921] Starport Managed Services … 0 profiles
[55/4921] Generation Technology Solutions … 2 profiles
[56/4921] F12.net … 0 profiles
[57/4921] Essential Designs … 3 profiles
[58/4921] Blueacrobat Corporation … 0 profiles
[59/4921] GAM Tech … 0 profiles
[60/4921] Haycor Computer Solutions Inc. … 0 profiles
[61/4921] Adastra … 5 profiles
[62/4921] Dyrand Systems … 1 profiles
[63/4921] Connectability IT Support … 1 profiles
[64/4921] QA Consultants … 4 profiles
[65/4921] GCOM Support … 0 profiles
[66/4921] Cyber Unit … 6 profiles
[67/4921] CGTechnologies … 0 profiles
[68/4921] Midas Tech … 1 profiles
[69/4921] Cloud Forces … 0 profiles
[70/4921] Sure Systems … 2 profiles
[71/4921] PCX IT … 0 profiles
[72/4921] Digital Sky Solutions … 0 profiles
[73/4921] Simnet … 3 profiles
[74/4921] Axamit … 2 profiles
[75/4921] MYComputing … 0 profiles
[76/4921] CloudOrbis … 0 profiles
[77/4921] 247 Networks Ltd. … 0 profiles
[78/4921] Line One Contact Centres Inc … 0 profiles
[79/4921] PlutoSec … 0 profiles
[80/4921] Microserve Canada … 0 profiles
[81/4921] solūt … 0 profiles
[82/4921] Silverline … 10 profiles
[83/4921] Clear Concepts … 9 profiles
[84/4921] Compugen … 3 profiles
[85/4921] Infinite IT … 4 profiles
[86/4921] IT Weapons … 0 profiles
[87/4921] Pivotree … 9 profiles
[88/4921] Tier 3 I.T. Solutions … 0 profiles
[89/4921] Daxtech IT Solutions … 0 profiles
[90/4921] Outsource IT Computing Inc. … 0 profiles
[91/4921] Dynamix Solutions … 2 profiles
[92/4921] Rafiki Technologies … 0 profiles
[93/4921] Wolff Adar IT Solutions … 1 profiles
[94/4921] OnPoint ONE … 0 profiles
[95/4921] Psilobyte Consulting Corp … 0 profiles
[96/4921] Calligo … 4 profiles
[97/4921] GLOBAL PM CANADA … 2 profiles
[98/4921] Hypertec Group … 7 profiles
[99/4921] Manawa … 4 profiles
[100/4921] SysGen Solutions Group … 0 profiles
[101/4921] Cloud Collective … 2 profiles
[102/4921] Commerx … 2 profiles
[103/4921] Elecera Solutions Corp. … 1 profiles
[104/4921] IT Experts Agency INC … 0 profiles
[105/4921] Atcom … 9 profiles
[106/4921] Long View Systems … 5 profiles
[107/4921] ActiveCo … 0 profiles
[108/4921] Pure Information Technology … 0 profiles
[109/4921] CareTek … 1 profiles
[110/4921] Netmon Services … 0 profiles
[111/4921] Business Cloud … 4 profiles
[112/4921] Level4 Technologies … 0 profiles
[113/4921] Ironclad Tek Inc. … 0 profiles
[114/4921] SIRKit … 0 profiles
[115/4921] Clever IT … 0 profiles
[116/4921] Sierra Systems Group … 3 profiles
[117/4921] Revotech Networks Ltd. … 0 profiles
[118/4921] Smart Dolphins IT Solutions Inc. … 0 profiles
[119/4921] Accessible IT Services … 1 profiles
[120/4921] Lambda Networks … 1 profiles
[121/4921] Leap Cloud Solutions Inc … 0 profiles
[122/4921] Pythian … 7 profiles
[123/4921] Summit Systems … 1 profiles
[124/4921] Speedyrails … 1 profiles
[125/4921] Guardian Microsystems … 1 profiles
[126/4921] Montreal IT Company SOFTFLOW Service Informatique Depuis 1987 Cybersécurité PME Cybersecurity Managed IT Services 24H … 0 profiles
[127/4921] FuseForward … 0 profiles
[128/4921] OpsGuru … 3 profiles
[129/4921] Present … 11 profiles
[130/4921] Genieall … 1 profiles
[131/4921] DNSnetworks Corporation … 1 profiles
[132/4921] Genatec … 0 profiles
[133/4921] Nucleus Networks … 0 profiles
[134/4921] Starport Managed Services … 0 profiles
[135/4921] Generation Technology Solutions … 2 profiles
[136/4921] F12.net … 0 profiles
[137/4921] Essential Designs … 3 profiles
[138/4921] Blueacrobat Corporation … 0 profiles
[139/4921] GAM Tech … 0 profiles
[140/4921] Haycor Computer Solutions Inc. … 0 profiles
[141/4921] Adastra … 5 profiles
[142/4921] Dyrand Systems … 1 profiles
[143/4921] Connectability IT Support … 1 profiles
[144/4921] QA Consultants … 4 profiles
[145/4921] GCOM Support … 0 profiles
[146/4921] Cyber Unit … 6 profiles
[147/4921] CGTechnologies … 0 profiles
[148/4921] Midas Tech … 1 profiles
[149/4921] Cloud Forces … 0 profiles
[150/4921] Sure Systems … 2 profiles
[151/4921] PCX IT … 0 profiles
[152/4921] Digital Sky Solutions … 0 profiles
[153/4921] Simnet … 3 profiles
[154/4921] Axamit … 2 profiles
[155/4921] MYComputing … 0 profiles
[156/4921] CloudOrbis … 0 profiles
[157/4921] 247 Networks Ltd. … 0 profiles
[158/4921] Line One Contact Centres Inc … 0 profiles
[159/4921] PlutoSec … 0 profiles
[160/4921] Util-Assist … 0 profiles
[161/4921] IBITS … 1 profiles
[162/4921] Human IT Company … 2 profiles
[163/4921] Data Integrity … 10 profiles
[164/4921] 403IT Solution … 0 profiles
[165/4921] Ricoh Canada Inc … 0 profiles
[166/4921] Konica Minolta Business Solutions Canada … 0 profiles
[167/4921] Allsite IT … 3 profiles
[168/4921] LB3 Technologies … 0 profiles
[169/4921] Situate Business Solutions … 1 profiles
[170/4921] Robertson Technology Group … 0 profiles
[171/4921] System Architects … 6 profiles
[172/4921] Canada Techs … 1 profiles
[173/4921] SinghIT Services Inc. … 0 profiles
[174/4921] IT Specialists … 8 profiles
[175/4921] Atrema Technologies Inc. … 0 profiles
[176/4921] Your IT Results Inc. … 0 profiles
[177/4921] York Computer Services … 0 profiles
[178/4921] GRIP I.T. … 0 profiles
[179/4921] Coleman Technologies Inc. … 1 profiles
[180/4921] BIT Solution … 1 profiles
[181/4921] ACZZLE … 0 profiles
[182/4921] Resolute Technology Solutions … 0 profiles
[183/4921] CYNNIX Inc. … 0 profiles
[184/4921] Triella Corp. … 0 profiles
[185/4921] Compunet InfoTech … 0 profiles
[186/4921] Innovation Networks Inc. … 0 profiles
[187/4921] TLC Solutions Inc. … 0 profiles
[188/4921] HighVail … 0 profiles
[189/4921] Evident IT … 0 profiles
[190/4921] NowVertical Group … 2 profiles
[191/4921] Blueshift Computer Technology Inc. … 0 profiles
[192/4921] Cloud9 Solutions. Inc. … 0 profiles
[193/4921] Total Support Solutions … 0 profiles
[194/4921] Megawire Inc … 1 profiles
[195/4921] Group 4 Networks … 0 profiles
[196/4921] Info-Tech Montreal … 0 profiles
[197/4921] CentriLogic … 3 profiles
[198/4921] Pro … 10 profiles
[199/4921] Cogeco Peer 1 … 2 profiles
[200/4921] Itergy … 0 profiles
[201/4921] TeraGo … 0 profiles
[202/4921] Tenzing … 10 profiles
[203/4921] WW Works … 1 profiles
[204/4921] Acrodex … 0 profiles
[205/4921] BAASS … 5 profiles
[206/4921] Softchoice … 6 profiles
[207/4921] Kamloops Computer Centre … 0 profiles
[208/4921] S3 Technologies … 8 profiles
[209/4921] FoxNet Inc. … 0 profiles
[210/4921] Genieall … 1 profiles
[211/4921] DNSnetworks Corporation … 1 profiles
[212/4921] Genatec … 0 profiles
[213/4921] Nucleus Networks … 0 profiles
[214/4921] Starport Managed Services … 0 profiles
[215/4921] Generation Technology Solutions … 2 profiles
[216/4921] F12.net … 0 profiles
[217/4921] Essential Designs … 3 profiles
[218/4921] Blueacrobat Corporation … 0 profiles
[219/4921] GAM Tech … 0 profiles
[220/4921] Haycor Computer Solutions Inc. … 0 profiles
[221/4921] Adastra … 5 profiles
[222/4921] Dyrand Systems … 1 profiles
[223/4921] Connectability IT Support … 1 profiles
[224/4921] QA Consultants … 4 profiles
[225/4921] GCOM Support … 0 profiles
[226/4921] Cyber Unit … 6 profiles
[227/4921] CGTechnologies … 0 profiles
[228/4921] Midas Tech … 1 profiles
[229/4921] Cloud Forces … 0 profiles
[230/4921] Sure Systems … 2 profiles
[231/4921] PCX IT … 0 profiles
[232/4921] Digital Sky Solutions … 0 profiles
[233/4921] Simnet … 3 profiles
[234/4921] Axamit … 2 profiles
[235/4921] MYComputing … 0 profiles
[236/4921] CloudOrbis … 0 profiles
[237/4921] 247 Networks Ltd. … 0 profiles
[238/4921] Line One Contact Centres Inc … 0 profiles
[239/4921] PlutoSec … 0 profiles
[240/4921] IntelliNet … 8 profiles
[241/4921] MYRA Systems … 0 profiles
[242/4921] Teramach … 0 profiles
[243/4921] Paladin Technologies … 4 profiles
[244/4921] ESI Technologies … 1 profiles
[245/4921] Informatique ProContact … 0 profiles
[246/4921] Solutions Informatiques Inso … 1 profiles
[247/4921] Nova Networks … 1 profiles
[248/4921] Powerland … 3 profiles
[249/4921] Quartet Service Inc. … 0 profiles
[250/4921] Radiant Communications … 9 profiles
[251/4921] Soroc Technology … 1 profiles
[252/4921] Telecom Computer … 0 profiles
[253/4921] UniPrint … 2 profiles
[254/4921] Unity Connected Solutions … 0 profiles
[255/4921] Cyderes … 10 profiles
[256/4921] Syntax … 9 profiles
[257/4921] Horizon Computer Solutions Inc. … 0 profiles
[258/4921] SaskTel … 0 profiles
[259/4921] Tek-Safe IT Solutions … 0 profiles
[260/4921] 365 iT SOLUTIONS … 0 profiles
[261/4921] Data Perceptions Inc. … 1 profiles
[262/4921] TUCU Managed IT Services Inc … 0 profiles
[263/4921] paronubi … 0 profiles
[264/4921] BinaryLogic Inc. … 0 profiles
[265/4921] K P Enterprises … 0 profiles
[266/4921] Empyrion Technologies … 1 profiles
[267/4921] GBS Technologies … 1 profiles
[268/4921] DecisivEdge. LLC … 0 profiles
[269/4921] Nanotek … 4 profiles
[270/4921] Techrupt Digital … 0 profiles
[271/4921] VBS IT Services … 0 profiles
[272/4921] Roca Networks Inc. … 1 profiles
[273/4921] Tecbound Technology … 2 profiles
[274/4921] Softlanding … 1 profiles
[275/4921] Prasna IT … 0 profiles
[276/4921] Dendory Capital … 0 profiles
[277/4921] DirectMSP. a division of DirectDial.com … 0 profiles
[278/4921] Sabre Limited … 2 profiles
[279/4921] Malleum … 0 profiles
[280/4921] TBITS IT Specialists … 1 profiles
[281/4921] Invero … 5 profiles
[282/4921] Alt-Tech Inc. … 0 profiles
[283/4921] Right TechSol Inc … 0 profiles
[284/4921] 247 Server Tech … 0 profiles
[285/4921] Devantec Inc. … 0 profiles
[286/4921] Asurtec Solutions Inc. … 0 profiles
[287/4921] NOVIPRO … 0 profiles
[288/4921] Crescenza Consulting Group … 0 profiles
[289/4921] Applications on Networks Inc. … 0 profiles
[290/4921] Genieall … 1 profiles
[291/4921] DNSnetworks Corporation … 1 profiles
[292/4921] Genatec … 0 profiles
[293/4921] Nucleus Networks … 0 profiles
[294/4921] Starport Managed Services … 0 profiles
[295/4921] Generation Technology Solutions … 2 profiles
[296/4921] F12.net … 0 profiles
[297/4921] Essential Designs … 3 profiles
[298/4921] Blueacrobat Corporation … 0 profiles
[299/4921] GAM Tech … 0 profiles
[300/4921] Haycor Computer Solutions Inc. … 0 profiles
[301/4921] Adastra … 5 profiles
[302/4921] Dyrand Systems … 1 profiles
[303/4921] Connectability IT Support … 1 profiles
[304/4921] QA Consultants … 4 profiles
[305/4921] GCOM Support … 0 profiles
[306/4921] Cyber Unit … 6 profiles
[307/4921] CGTechnologies … 0 profiles
[308/4921] Midas Tech … 1 profiles
[309/4921] Cloud Forces … 0 profiles
[310/4921] Sure Systems … 2 profiles
[311/4921] PCX IT … 0 profiles
[312/4921] Digital Sky Solutions … 0 profiles
[313/4921] Simnet … 3 profiles
[314/4921] Axamit … 2 profiles
[315/4921] MYComputing … 0 profiles
[316/4921] CloudOrbis … 0 profiles
[317/4921] 247 Networks Ltd. … 0 profiles
[318/4921] Line One Contact Centres Inc … 0 profiles
[319/4921] PlutoSec … 0 profiles
[320/4921] Ferroque Systems Inc. … 2 profiles
[321/4921] Direct Tec … 0 profiles
[322/4921] Vertex Solutions Corporation … 1 profiles
[323/4921] CloudOps … 7 profiles
[324/4921] GT Global Services … 0 profiles
[325/4921] Lexcom Systems Group … 3 profiles
[326/4921] Noxent … 0 profiles
[327/4921] PureLogic IT Solutions … 0 profiles
[328/4921] SourcetekIT … 0 profiles
[329/4921] Stoneworks Technologies Inc. … 0 profiles
[330/4921] Kilobytes Data Solutions Inc. … 0 profiles
[331/4921] Triware Technologies … 0 profiles
[332/4921] Prophet Business Group … 0 profiles
[333/4921] Dark Sector Technologies Inc. … 0 profiles
[334/4921] 3 Tech Services … 1 profiles
[335/4921] Ipseity Security Inc. … 0 profiles
[336/4921] WorldPosta … 1 profiles
[337/4921] CGTECHS TECHNOLOGIES … 0 profiles
[338/4921] Convergine Corp. … 0 profiles
[339/4921] Joho TeK … 0 profiles
[340/4921] Fusion Computing Limited - Managed IT Support Company Toronto … 0 profiles
[341/4921] 360 Visibility … 0 profiles
[342/4921] ProServeIT Corporation … 0 profiles
[343/4921] Epic … 10 profiles
[344/4921] Graycon IT … 0 profiles
[345/4921] Converge Technology Solutions Corp. … 10 profiles
[346/4921] ATK Technologies … 1 profiles
[347/4921] VNEXT Group … 0 profiles
[348/4921] Solution Shop Consulting Inc. … 1 profiles
[349/4921] Rievax IT Solutions … 0 profiles
[350/4921] Techynaf … 1 profiles
[351/4921] Echoflare Managed Services Ltd. … 0 profiles
[352/4921] Annexus Technologies … 0 profiles
[353/4921] Vizdomtech … 0 profiles
[354/4921] BITSUMMIT … 3 profiles
[355/4921] Sudden Technologies … 0 profiles
[356/4921] Stactt Technical Solutions Inc. … 0 profiles
[357/4921] Autimo … 0 profiles
[358/4921] Telecom Metric … 0 profiles
[359/4921] Cloud Momentum … 0 profiles
[360/4921] TekayTech Inc. … 0 profiles
[361/4921] Connex Telecommunications Inc. … 4 profiles
[362/4921] Fairintuition Inc. … 0 profiles
[363/4921] Adeptivity IT Solutions … 0 profiles
[364/4921] EDI2XML … 0 profiles
[365/4921] I.T. ISIN Solutions … 0 profiles
[366/4921] Berti Group Inc. … 0 profiles
[367/4921] TrustSSD.com … 0 profiles
[368/4921] Cairitech … 0 profiles
[369/4921] Core Connections … 8 profiles
[370/4921] Genieall … 1 profiles
[371/4921] DNSnetworks Corporation … 1 profiles
[372/4921] Genatec … 0 profiles
[373/4921] Nucleus Networks … 0 profiles
[374/4921] Starport Managed Services … 0 profiles
[375/4921] Generation Technology Solutions … 2 profiles
[376/4921] F12.net … 0 profiles
[377/4921] Essential Designs … 3 profiles
[378/4921] Blueacrobat Corporation … 0 profiles
[379/4921] GAM Tech … 0 profiles
[380/4921] Haycor Computer Solutions Inc. … 0 profiles
[381/4921] Adastra … 5 profiles
[382/4921] Dyrand Systems … 1 profiles
[383/4921] Connectability IT Support … 1 profiles
[384/4921] QA Consultants … 4 profiles
[385/4921] GCOM Support … 0 profiles
[386/4921] Cyber Unit … 6 profiles
[387/4921] CGTechnologies … 0 profiles
[388/4921] Midas Tech … 1 profiles
[389/4921] Cloud Forces … 0 profiles
[390/4921] Sure Systems … 2 profiles
[391/4921] PCX IT … 0 profiles
[392/4921] Digital Sky Solutions … 0 profiles
[393/4921] Simnet … 3 profiles
[394/4921] Axamit … 2 profiles
[395/4921] MYComputing … 0 profiles
[396/4921] CloudOrbis … 0 profiles
[397/4921] 247 Networks Ltd. … 0 profiles
[398/4921] Line One Contact Centres Inc … 0 profiles
[399/4921] PlutoSec … 0 profiles
[400/4921] Koala Technology … 0 profiles
[401/4921] Venus Systems International. Inc. … 0 profiles
[402/4921] Synchroworks … 1 profiles
[403/4921] Reis Informatica … 0 profiles
[404/4921] Smart Growth Solutions … 5 profiles
[405/4921] Strategic Technology Associates … 2 profiles
[406/4921] Longhurst Consulting … 0 profiles
[407/4921] VEXXHOST … 0 profiles
[408/4921] Keen Computer Solutions … 0 profiles
[409/4921] Spot Solutions … 4 profiles
[410/4921] Interface Technologies … 9 profiles
[411/4921] Arvato Systems North America. Inc. … 0 profiles
[412/4921] Netanco Limitée … 0 profiles
[413/4921] Auventa … 0 profiles
[414/4921] OWL360IT … 0 profiles
[415/4921] Castle Consulting and Professional Services Inc. … 0 profiles
[416/4921] Conterra Consulting … 0 profiles
[417/4921] Intuition Consultancies Inc … 0 profiles
[418/4921] XllenTech Solutions … 0 profiles
[419/4921] Data Next Step … 0 profiles
[420/4921] Think Communications Inc … 1 profiles
[421/4921] PACE Technical … 1 profiles
[422/4921] Constant C Technology Group … 0 profiles
[423/4921] autoverse.tech … 1 profiles
[424/4921] Cudio … 1 profiles
[425/4921] Manta Innovations Ltd … 0 profiles
[426/4921] Pulse Tech Corp … 0 profiles
[427/4921] O2Clouds … 0 profiles
[428/4921] Scalar Decisions … 0 profiles
[429/4921] More Secure Computing … 3 profiles
[430/4921] New Idea Machine Inc. … 0 profiles
[431/4921] Next Dimension … 5 profiles
[432/4921] iVedha … 2 profiles
[433/4921] Scriptics Technologies … 1 profiles
[434/4921] Binarium … 1 profiles
[435/4921] Comwell Systems Group Inc. … 0 profiles
[436/4921] Misk Solutions Inc … 0 profiles
[437/4921] Vanguard Tech Services Inc. … 0 profiles
[438/4921] Celestial Systems Inc. … 2 profiles
[439/4921] Planet of IT … 0 profiles
[440/4921] Transpire Technologies … 1 profiles
[441/4921] ACLTech … 0 profiles
[442/4921] ValueHire Corporation … 0 profiles
[443/4921] Beyond Co Ltd … 0 profiles
[444/4921] Penney Technology Solutions … 0 profiles
[445/4921] Avaleris … 0 profiles
[446/4921] Buof … 1 profiles
[447/4921] IMP Solutions … 0 profiles
[448/4921] Evron Computer Systems Corp. … 0 profiles
[449/4921] Endeavour Solutions Inc. … 0 profiles
[450/4921] Genieall … 1 profiles
[451/4921] DNSnetworks Corporation … 1 profiles
[452/4921] Genatec … 0 profiles
[453/4921] Nucleus Networks … 0 profiles
[454/4921] Starport Managed Services … 0 profiles
[455/4921] Generation Technology Solutions … 2 profiles
[456/4921] F12.net … 0 profiles
[457/4921] Essential Designs … 3 profiles
[458/4921] Blueacrobat Corporation … 0 profiles
[459/4921] GAM Tech … 0 profiles
[460/4921] Haycor Computer Solutions Inc. … 0 profiles
[461/4921] Adastra … 5 profiles
[462/4921] Dyrand Systems … 1 profiles
[463/4921] Connectability IT Support … 1 profiles
[464/4921] QA Consultants … 4 profiles
[465/4921] GCOM Support … 0 profiles
[466/4921] Cyber Unit … 6 profiles
[467/4921] CGTechnologies … 0 profiles
[468/4921] Midas Tech … 1 profiles
[469/4921] Cloud Forces … 0 profiles
[470/4921] Sure Systems … 2 profiles
[471/4921] PCX IT … 0 profiles
[472/4921] Digital Sky Solutions … 0 profiles
[473/4921] Simnet … 3 profiles
[474/4921] Axamit … 2 profiles
[475/4921] MYComputing … 0 profiles
[476/4921] CloudOrbis … 0 profiles
[477/4921] 247 Networks Ltd. … 0 profiles
[478/4921] Line One Contact Centres Inc … 0 profiles
[479/4921] PlutoSec … 0 profiles
[480/4921] DelveTek Consulting … 0 profiles
[481/4921] BDO IT Solutions … 0 profiles
[482/4921] WatServ … 1 profiles
[483/4921] Vigilant Technologies LLC … 1 profiles
[484/4921] Zantek Information Technology … 0 profiles
[485/4921] MicroAge NL … 0 profiles
[486/4921] Solulan … 0 profiles
[487/4921] Transatlantic Business Consulting … 3 profiles
[488/4921] Indigo Consulting … 5 profiles
[489/4921] apii … 0 profiles
[490/4921] TTEC Computers Inc … 0 profiles
[491/4921] Syntax … 9 profiles
[492/4921] Techso … 1 profiles
[493/4921] HEXstream … 9 profiles
[494/4921] Next Pathway Inc. … 1 profiles
[495/4921] Million Web Services … 0 profiles
[496/4921] XenTegra Canada … 0 profiles
[497/4921] Arocom IT Solutions Pvt Ltd … 0 profiles
[498/4921] Sentrius Solutions Inc. … 0 profiles
[499/4921] Attain Solutions Inc … 1 profiles
[500/4921] Salytics Inc. … 1 profiles
[501/4921] Netact Services Inc. … 0 profiles
[502/4921] C3SA Cyber Security & Audit … 0 profiles
[503/4921] Coder Feast … 1 profiles
[504/4921] MIT Consulting … 6 profiles
[505/4921] Rivercity Technology Services Ltd. … 0 profiles
[506/4921] Managed Future … 8 profiles
[507/4921] Inside View Global Limited … 0 profiles
[508/4921] CompassTech … 6 profiles
[509/4921] Valiantys … 7 profiles
[510/4921] Reliability Technology Solutions … 9 profiles
[511/4921] eTor Networks … 0 profiles
[512/4921] 4UIT Inc. … 0 profiles
[513/4921] Techizh Inc. … 0 profiles
[514/4921] Alescent … 4 profiles
[515/4921] Alantex Corp … 0 profiles
[516/4921] Konnected Systems … 0 profiles
[517/4921] MyITProTec … 0 profiles
[518/4921] IntelliPath … 6 profiles
[519/4921] NSE Tech … 0 profiles
[520/4921] Flux Solutions Inc. … 0 profiles
[521/4921] ELITEC Consulting … 0 profiles
[522/4921] Diagramics Software Corporation … 0 profiles
[523/4921] RiskView … 0 profiles
[524/4921] Accuras Inc … 1 profiles
[525/4921] Its2ACE … 0 profiles
[526/4921] ServiceRocket … 9 profiles
[527/4921] SaskData Services … 0 profiles
[528/4921] Sun IT Solutions … 0 profiles
[529/4921] Compufy Technolab Services Private Limited … 0 profiles
[530/4921] Genieall … 1 profiles
[531/4921] DNSnetworks Corporation … 1 profiles
[532/4921] Genatec … 0 profiles
[533/4921] Nucleus Networks … 0 profiles
[534/4921] Starport Managed Services … 0 profiles
[535/4921] Generation Technology Solutions … 2 profiles
[536/4921] F12.net … 0 profiles
[537/4921] Essential Designs … 3 profiles
[538/4921] Blueacrobat Corporation … 0 profiles
[539/4921] GAM Tech … 0 profiles
[540/4921] Haycor Computer Solutions Inc. … 0 profiles
[541/4921] Adastra … 5 profiles
[542/4921] Dyrand Systems … 1 profiles
[543/4921] Connectability IT Support … 1 profiles
[544/4921] QA Consultants … 4 profiles
[545/4921] GCOM Support … 0 profiles
[546/4921] Cyber Unit … 6 profiles
[547/4921] CGTechnologies … 0 profiles
[548/4921] Midas Tech … 1 profiles
[549/4921] Cloud Forces … 0 profiles
[550/4921] Sure Systems … 2 profiles
[551/4921] PCX IT … 0 profiles
[552/4921] Digital Sky Solutions … 0 profiles
[553/4921] Simnet … 3 profiles
[554/4921] Axamit … 2 profiles
[555/4921] MYComputing … 0 profiles
[556/4921] CloudOrbis … 0 profiles
[557/4921] 247 Networks Ltd. … 0 profiles
[558/4921] Line One Contact Centres Inc … 0 profiles
[559/4921] PlutoSec … 0 profiles
[560/4921] Robiquity … 1 profiles
[561/4921] Catharsis Managed IT … 1 profiles
[562/4921] Xit99 Corporation … 0 profiles
[563/4921] Tekno-Squad … 0 profiles
[564/4921] United Techno … 4 profiles
[565/4921] DevSecOps Services- Mastek … 0 profiles
[566/4921] Corrao Group … 7 profiles
[567/4921] Dev Information Technology Ltd. … 0 profiles
[568/4921] Omnipoint Services … 6 profiles
[569/4921] Canopy One Solutions Inc … 7 profiles
[570/4921] Royal Cyber … 8 profiles
[571/4921] Xoriant … 4 profiles
[572/4921] Bista Solutions Inc … 4 profiles
[573/4921] SHI International Corp. … 10 profiles
[574/4921] Agama Solutions Inc … 9 profiles
[575/4921] Stratacent … 5 profiles
[576/4921] SpringML. Inc. … 0 profiles
[577/4921] Cloud4C … 1 profiles
[578/4921] Adastra Bulgaria … 0 profiles
[579/4921] Genieall … 1 profiles
[580/4921] DNSnetworks Corporation … 1 profiles
[581/4921] Genatec … 0 profiles
[582/4921] Nucleus Networks … 0 profiles
[583/4921] Starport Managed Services … 0 profiles
[584/4921] Generation Technology Solutions … 2 profiles
[585/4921] F12.net … 0 profiles
[586/4921] Essential Designs … 3 profiles
[587/4921] Blueacrobat Corporation … 0 profiles
[588/4921] GAM Tech … 0 profiles
[589/4921] Haycor Computer Solutions Inc. … 0 profiles
[590/4921] Adastra … 5 profiles
[591/4921] Dyrand Systems … 1 profiles
[592/4921] Connectability IT Support … 1 profiles
[593/4921] QA Consultants … 4 profiles
[594/4921] GCOM Support … 0 profiles
[595/4921] Cyber Unit … 6 profiles
[596/4921] CGTechnologies … 0 profiles
[597/4921] Midas Tech … 1 profiles
[598/4921] Cloud Forces … 0 profiles
[599/4921] Sure Systems … 2 profiles
[600/4921] PCX IT … 0 profiles
[601/4921] Digital Sky Solutions … 0 profiles
[602/4921] Simnet … 3 profiles
[603/4921] Axamit … 2 profiles
[604/4921] MYComputing … 0 profiles
[605/4921] CloudOrbis … 0 profiles
[606/4921] 247 Networks Ltd. … 0 profiles
[607/4921] Line One Contact Centres Inc … 0 profiles
[608/4921] PlutoSec … 0 profiles
[609/4921] Realnets … 10 profiles
[610/4921] NSI … 12 profiles
[611/4921] Soteria Technology Solutions … 7 profiles
[612/4921] Virtuas … 9 profiles
[613/4921] TrnDigital … 7 profiles
[614/4921] Andromeda Technology Solutions … 7 profiles
[615/4921] MIS Solutions. Inc … 0 profiles
[616/4921] Parachute Technology … 10 profiles
[617/4921] TechMD … 10 profiles
[618/4921] designDATA … 10 profiles
[619/4921] IT GOAT … 10 profiles
[620/4921] Tailored Technology Services Inc. … 7 profiles
[621/4921] TruAdvantage … 10 profiles
[622/4921] BRITECITY … 10 profiles
[623/4921] Ripple IT … 10 profiles
[624/4921] Xterra Solutions … 10 profiles
[625/4921] Blueclone Networks … 2 profiles
[626/4921] Helixstorm … 10 profiles
[627/4921] B/Net Systems … 2 profiles
[628/4921] Facet Interactive … 6 profiles
[629/4921] Emergent Software … 10 profiles
[630/4921] First Class Networks … 4 profiles
[631/4921] Techmedics … 7 profiles
[632/4921] Crown Computers inc … 0 profiles
[633/4921] Cloudforce … 10 profiles
[634/4921] Vertical IT Solutions … 7 profiles
[635/4921] Imagis … 3 profiles
[636/4921] SecureTech … 9 profiles
[637/4921] Triangu … 4 profiles
[638/4921] Red Key Solutions … 10 profiles
[639/4921] Reboot. Inc. … 1 profiles
[640/4921] Impact Group | IT Consulting. IT Support and Managed IT Services … 0 profiles
[641/4921] Agility Network Services. Inc. … 0 profiles
[642/4921] Tuple Tech … 2 profiles
[643/4921] Airspeed IT … 2 profiles
[644/4921] Bay Computing Group … 8 profiles
[645/4921] Flyaps … 0 profiles
[646/4921] Lauren Group Inc. … 0 profiles
[647/4921] Svitla Systems … 11 profiles
[648/4921] Adastra … 5 profiles
[649/4921] Summit. formerly Deft … 0 profiles
[650/4921] MYTEK Network Solutions … 9 profiles
[651/4921] Real IT Solutions. Inc … 0 profiles
[652/4921] PCH Technologies … 10 profiles
[653/4921] M6iT … 8 profiles
[654/4921] Centerpoint IT … 7 profiles
[655/4921] Server At Work … 5 profiles
[656/4921] Foresite Cybersecurity … 10 profiles
[657/4921] ISOutsource … 10 profiles
[658/4921] Integris … 10 profiles
[659/4921] Zazz … 5 profiles
[660/4921] Bit by Bit Computer Consultants … 7 profiles
[661/4921] Infracore … 10 profiles
[662/4921] Uprite Services … 10 profiles
[663/4921] Netrio (formerly PCA Technology Group) … 0 profiles
[664/4921] Xvand Technology Corp. … 0 profiles
[665/4921] MIS Solutions. Inc … 0 profiles
[666/4921] CyberDuo … 8 profiles
[667/4921] Parachute Technology … 10 profiles
[668/4921] Total Networks … 8 profiles
[669/4921] Applied Tech … 10 profiles
[670/4921] TechMD … 10 profiles
[671/4921] TPx Communications … 10 profiles
[672/4921] BetterWorld Technology … 7 profiles
[673/4921] designDATA … 10 profiles
[674/4921] Netrio (formerly SUCCESS Computer Consulting) … 1 profiles
[675/4921] Dataprise … 10 profiles
[676/4921] Framework IT … 10 profiles
[677/4921] BCA IT. Inc. … 0 profiles
[678/4921] Andromeda Technology Solutions … 7 profiles
[679/4921] Arium … 11 profiles
[680/4921] SemTech IT Solutions … 8 profiles
[681/4921] TechPulse … 5 profiles
[682/4921] XL.net … 8 profiles
[683/4921] Five Nines … 10 profiles
[684/4921] IT GOAT … 10 profiles
[685/4921] Abtech Technologies … 10 profiles
[686/4921] Realnets … 10 profiles
[687/4921] Consilien … 7 profiles
[688/4921] Reliable Technology Services … 8 profiles
[689/4921] eMazzanti Technologies … 10 profiles
[690/4921] Verified Technologies … 3 profiles
[691/4921] Interlink Cloud Advisors. Inc. … 0 profiles
[692/4921] Wendego IT Solutions … 5 profiles
[693/4921] The 20 MSP … 10 profiles
[694/4921] Cloudience … 4 profiles
[695/4921] OpsWorks Co. … 3 profiles
[696/4921] 7tech … 8 profiles
[697/4921] Omega Systems … 10 profiles
[698/4921] Cyber Defense Group … 8 profiles
[699/4921] Hristov Development … 1 profiles
[700/4921] ClearCom IT Solutions. Inc. … 0 profiles
[701/4921] Kotori Technologies. LLC … 0 profiles
[702/4921] DevsOperative … 2 profiles
[703/4921] TotalCare IT … 8 profiles
[704/4921] TeraCloud. Inc. … 0 profiles
[705/4921] SDTEK … 7 profiles
[706/4921] Insight Global … 11 profiles
[707/4921] AT-NET Services … 8 profiles
[708/4921] Corporate Technologies … 10 profiles
[709/4921] Right Click … 10 profiles
[710/4921] Intechtel … 4 profiles
[711/4921] LG Networks. Inc. … 0 profiles
[712/4921] Datalink Networks Inc. … 0 profiles
[713/4921] QLAN … 5 profiles
[714/4921] STI TECHS … 1 profiles
[715/4921] Hexaware Technologies … 7 profiles
[716/4921] Network Thinking Solutions. Inc … 0 profiles
[717/4921] Next Generation Technology Solutions … 1 profiles
[718/4921] Heroic Technologies … 7 profiles
[719/4921] Threat Alliance Inc … 0 profiles
[720/4921] Squeeze Technology. Inc. … 0 profiles
[721/4921] Synoptek. LLC. … 0 profiles
[722/4921] Spellbind … 6 profiles
[723/4921] NopalCyber … 3 profiles
[724/4921] Moriyama … 9 profiles
[725/4921] Auxis … 10 profiles
[726/4921] CyberDuo … 8 profiles
[727/4921] Dataprise … 10 profiles
[728/4921] Abtech Technologies … 10 profiles
[729/4921] Klik Solutions … 5 profiles
[730/4921] DPC Technology … 9 profiles
[731/4921] GenCare … 10 profiles
[732/4921] TechProComp … 4 profiles
[733/4921] Bluewolf … 9 profiles
[734/4921] Z7 Solutions … 8 profiles
[735/4921] Computer Solutions East … 5 profiles
[736/4921] Varsity Technologies … 8 profiles
[737/4921] Syscom LLC … 4 profiles
[738/4921] Integris … 10 profiles
[739/4921] Zazz … 5 profiles
[740/4921] Bit by Bit Computer Consultants … 7 profiles
[741/4921] Infracore … 10 profiles
[742/4921] Uprite Services … 10 profiles
[743/4921] Netrio (formerly PCA Technology Group) … 0 profiles
[744/4921] Xvand Technology Corp. … 0 profiles
[745/4921] MIS Solutions. Inc … 0 profiles
[746/4921] CyberDuo … 8 profiles
[747/4921] Parachute Technology … 10 profiles
[748/4921] Total Networks … 8 profiles
[749/4921] Applied Tech … 10 profiles
[750/4921] TechMD … 10 profiles
[751/4921] TPx Communications … 10 profiles
[752/4921] BetterWorld Technology … 7 profiles
[753/4921] designDATA … 10 profiles
[754/4921] Netrio (formerly SUCCESS Computer Consulting) … 1 profiles
[755/4921] Dataprise … 10 profiles
[756/4921] Framework IT … 10 profiles
[757/4921] BCA IT. Inc. … 0 profiles
[758/4921] Andromeda Technology Solutions … 7 profiles
[759/4921] Arium … 11 profiles
[760/4921] SemTech IT Solutions … 8 profiles
[761/4921] TechPulse … 5 profiles
[762/4921] XL.net … 8 profiles
[763/4921] Five Nines … 10 profiles
[764/4921] IT GOAT … 10 profiles
[765/4921] Abtech Technologies … 10 profiles
[766/4921] Realnets … 10 profiles
[767/4921] Consilien … 7 profiles
[768/4921] Pact-One Solutions. LLC … 0 profiles
[769/4921] CTS … 10 profiles
[770/4921] Precision IT Consulting … 9 profiles
[771/4921] Vector Choice … 10 profiles
[772/4921] Prototype:IT … 7 profiles
[773/4921] Vintage IT Services … 9 profiles
[774/4921] Calligo … 4 profiles
[775/4921] Managed Solution … 9 profiles
[776/4921] ZAG Technical Services … 10 profiles
[777/4921] DataDrive … 8 profiles
[778/4921] ITAdOn IT Solutions … 2 profiles
[779/4921] TechVoo … 10 profiles
[780/4921] Bytagig … 6 profiles
[781/4921] Complete Computing Solutions … 6 profiles
[782/4921] Certified CIO … 6 profiles
[783/4921] Be Structured Technology Group. Inc. … 0 profiles
[784/4921] Xantrion … 10 profiles
[785/4921] Boston Technology Corporation … 8 profiles
[786/4921] Quisitive … 10 profiles
[787/4921] Infomatics Corp … 8 profiles
[788/4921] Insightful Networks … 1 profiles
[789/4921] Keystone Technology Consultants … 10 profiles
[790/4921] mPowered IT … 10 profiles
[791/4921] R2 Unified Technologies … 10 profiles
[792/4921] KME Systems Inc … 3 profiles
[793/4921] NexusTek … 10 profiles
[794/4921] Ascend Technologies … 10 profiles
[795/4921] Preemo IT Support … 9 profiles
[796/4921] Executech … 10 profiles
[797/4921] Network Computer Pros … 9 profiles
[798/4921] Fuse Networks … 10 profiles
[799/4921] NetEffect … 10 profiles
[800/4921] Liaison Technologies … 9 profiles
[801/4921] Clear Measure … 9 profiles
[802/4921] IntegriCom. Inc. … 0 profiles
[803/4921] Simply Smart Technology … 9 profiles
[804/4921] Matrix Integration … 10 profiles
[805/4921] Interlaced.io … 10 profiles
[806/4921] ITCubed … 8 profiles
[807/4921] RSM … 11 profiles
[808/4921] LENET … 9 profiles
[809/4921] ViaTek. Inc. … 0 profiles
[810/4921] Snap Tech IT … 10 profiles
[811/4921] Sixwatch … 9 profiles
[812/4921] Privo IT. LLC … 0 profiles
[813/4921] Technology Consultants. Inc. … 0 profiles
[814/4921] Charleston Technology Group … 3 profiles
[815/4921] Mission Cloud … 10 profiles
[816/4921] CTG Tech … 8 profiles
[817/4921] SADA. An Insight Company … 0 profiles
[818/4921] Integris … 10 profiles
[819/4921] Zazz … 5 profiles
[820/4921] Bit by Bit Computer Consultants … 7 profiles
[821/4921] Infracore … 10 profiles
[822/4921] Uprite Services … 10 profiles
[823/4921] Netrio (formerly PCA Technology Group) … 0 profiles
[824/4921] Xvand Technology Corp. … 0 profiles
[825/4921] MIS Solutions. Inc … 0 profiles
[826/4921] CyberDuo … 8 profiles
[827/4921] Parachute Technology … 10 profiles
[828/4921] Total Networks … 8 profiles
[829/4921] Applied Tech … 10 profiles
[830/4921] TechMD … 10 profiles
[831/4921] TPx Communications … 10 profiles
[832/4921] BetterWorld Technology … 7 profiles
[833/4921] designDATA … 10 profiles
[834/4921] Netrio (formerly SUCCESS Computer Consulting) … 1 profiles
[835/4921] Dataprise … 10 profiles
[836/4921] Framework IT … 10 profiles
[837/4921] BCA IT. Inc. … 0 profiles
[838/4921] Andromeda Technology Solutions … 7 profiles
[839/4921] Arium … 11 profiles
[840/4921] SemTech IT Solutions … 8 profiles
[841/4921] TechPulse … 5 profiles
[842/4921] XL.net … 8 profiles
[843/4921] Five Nines … 10 profiles
[844/4921] IT GOAT … 10 profiles
[845/4921] Abtech Technologies … 10 profiles
[846/4921] Realnets … 10 profiles
[847/4921] Consilien … 7 profiles
[848/4921] HiView Solutions … 4 profiles
[849/4921] Assured Technology Solutions … 8 profiles
[850/4921] Innova … 11 profiles
[851/4921] USWired Inc. … 6 profiles
[852/4921] Constellix … 9 profiles
[853/4921] Stasmayer. Incorporated … 0 profiles
[854/4921] IT Tropolis … 1 profiles
[855/4921] JetRails … 10 profiles
[856/4921] Infidati. Inc. … 0 profiles
[857/4921] Kinetix Technology Services … 9 profiles
[858/4921] DataEndure … 10 profiles
[859/4921] Core Vision IT Solutions … 4 profiles
[860/4921] Metal Toad … 11 profiles
[861/4921] Integrated Computer Services. Inc. … 0 profiles
[862/4921] Astute Technology Management … 10 profiles
[863/4921] Dymin Systems … 10 profiles
[864/4921] Miles IT … 8 profiles
[865/4921] Alternis IT … 3 profiles
[866/4921] Parried … 7 profiles
[867/4921] BUGS BYTE … 1 profiles
[868/4921] IT Accuracy … 8 profiles
[869/4921] Spectrum Technology Solutions … 6 profiles
[870/4921] OTAVA® … 7 profiles
[871/4921] Breeze IT. Inc. … 0 profiles
[872/4921] BizCare. Inc. … 0 profiles
[873/4921] Capstone Works. Inc. … 0 profiles
[874/4921] The ProActive Technology Group … 9 profiles
[875/4921] CalTech … 15 profiles
[876/4921] ComputerSupport … 4 profiles
[877/4921] Intivix … 10 profiles
[878/4921] Internos … 5 profiles
[879/4921] Marco Technologies … 10 profiles
[880/4921] Resultant … 10 profiles
[881/4921] Nexplay Consulting Inc. … 9 profiles
[882/4921] Rely On IT. Inc. … 0 profiles
[883/4921] American IT Department … 4 profiles
[884/4921] CTS Multifamily IT Solutions … 3 profiles
[885/4921] 4BIS Cyber Security and IT Services … 0 profiles
[886/4921] Computer Resources of America | CRA … 3 profiles
[887/4921] Arnet Technologies … 10 profiles
[888/4921] Rad Web Hosting … 3 profiles
[889/4921] Computer Services Tech … 8 profiles
[890/4921] IT Risk Managers … 9 profiles
[891/4921] Developers Dev … 0 profiles
[892/4921] 1Path … 10 profiles
[893/4921] Pro4ia … 11 profiles
[894/4921] PC Miracles … 7 profiles
[895/4921] Advanced Networks … 9 profiles
[896/4921] Meriplex Communications … 10 profiles
[897/4921] Paranet Solutions. LLC … 0 profiles
[898/4921] Integris … 10 profiles
[899/4921] Zazz … 5 profiles
[900/4921] Bit by Bit Computer Consultants … 7 profiles
[901/4921] Infracore … 10 profiles
[902/4921] Uprite Services … 10 profiles
[903/4921] Netrio (formerly PCA Technology Group) … 0 profiles
[904/4921] Xvand Technology Corp. … 0 profiles
[905/4921] MIS Solutions. Inc … 0 profiles
[906/4921] CyberDuo … 8 profiles
[907/4921] Parachute Technology … 10 profiles
[908/4921] Total Networks … 8 profiles
[909/4921] Applied Tech … 10 profiles
[910/4921] TechMD … 10 profiles
[911/4921] TPx Communications … 10 profiles
[912/4921] BetterWorld Technology … 7 profiles
[913/4921] designDATA … 10 profiles
[914/4921] Netrio (formerly SUCCESS Computer Consulting) … 1 profiles
[915/4921] Dataprise … 10 profiles
[916/4921] Framework IT … 10 profiles
[917/4921] BCA IT. Inc. … 0 profiles
[918/4921] Andromeda Technology Solutions … 7 profiles
[919/4921] Arium … 11 profiles
[920/4921] SemTech IT Solutions … 8 profiles
[921/4921] TechPulse … 5 profiles
[922/4921] XL.net … 8 profiles
[923/4921] Five Nines … 10 profiles
[924/4921] IT GOAT … 10 profiles
[925/4921] Abtech Technologies … 10 profiles
[926/4921] Realnets … 10 profiles
[927/4921] Consilien … 7 profiles
[928/4921] Mural Technologies … 10 profiles
[929/4921] Pointivity Managed Solutions … 2 profiles
[930/4921] NEXTGO.IO … 2 profiles
[931/4921] IT Total Care … 7 profiles
[932/4921] Convergence Networks … 8 profiles
[933/4921] Complete Network … 9 profiles
[934/4921] AEM Corporation … 10 profiles
[935/4921] Proviatek Inc … 0 profiles
[936/4921] SWC Technology Partners … 9 profiles
[937/4921] AWH … 10 profiles
[938/4921] CloudGeometry … 6 profiles
[939/4921] Monroy IT Services … 0 profiles
[940/4921] Whole Technology … 6 profiles
[941/4921] DominionTech Computer Services … 0 profiles
[942/4921] Wursta … 10 profiles
[943/4921] TEKConn … 9 profiles
[944/4921] ASAP Computer Services … 2 profiles
[945/4921] Mindsight … 10 profiles
[946/4921] Northwest Technology Services … 3 profiles
[947/4921] Integral Networks … 5 profiles
[948/4921] Business Network Consulting … 10 profiles
[949/4921] Coulson Technologies … 3 profiles
[950/4921] Exelegent … 7 profiles
[951/4921] DCG Technical Solutions. Inc … 0 profiles
[952/4921] Systems Support … 10 profiles
[953/4921] AdviseTech … 2 profiles
[954/4921] 3Fold IT. LLC … 0 profiles
[955/4921] SWICKtech … 8 profiles
[956/4921] ManhattanTechSupport.com LLC … 1 profiles
[957/4921] Integral Computer Consultants … 0 profiles
[958/4921] Abuzz Technologies … 5 profiles
[959/4921] NOVA Cloud … 5 profiles
[960/4921] Waypoint Consulting … 9 profiles
[961/4921] TeamLogicIT … 10 profiles
[962/4921] 3i International … 10 profiles
[963/4921] Adcrux … 1 profiles
[964/4921] Centizen. Inc. … 0 profiles
[965/4921] Datalyst LLC … 1 profiles
[966/4921] MEC IT Services … 1 profiles
[967/4921] TheCompuLab … 7 profiles
[968/4921] Stratosphere Networks … 10 profiles
[969/4921] Comstar Technologies … 10 profiles
[970/4921] Triada Networks … 4 profiles
[971/4921] We Solve Problems … 7 profiles
[972/4921] Alltek Services … 10 profiles
[973/4921] Acroment Technologies IT Services … 0 profiles
[974/4921] K3 Technology … 10 profiles
[975/4921] KPInterface. Inc. … 0 profiles
[976/4921] Burgi Technologies … 10 profiles
[977/4921] IP Services … 7 profiles
[978/4921] Integris … 10 profiles
[979/4921] Zazz … 5 profiles
[980/4921] Bit by Bit Computer Consultants … 7 profiles
[981/4921] Infracore … 10 profiles
[982/4921] Uprite Services … 10 profiles
[983/4921] Netrio (formerly PCA Technology Group) … 0 profiles
[984/4921] Xvand Technology Corp. … 0 profiles
[985/4921] MIS Solutions. Inc … 0 profiles
[986/4921] CyberDuo … 8 profiles
[987/4921] Parachute Technology … 10 profiles
[988/4921] Total Networks … 8 profiles
[989/4921] Applied Tech … 10 profiles
[990/4921] TechMD … 10 profiles
[991/4921] TPx Communications … 10 profiles
[992/4921] BetterWorld Technology … 7 profiles
[993/4921] designDATA … 10 profiles
[994/4921] Netrio (formerly SUCCESS Computer Consulting) … 1 profiles
[995/4921] Dataprise … 10 profiles
[996/4921] Framework IT … 10 profiles
[997/4921] BCA IT. Inc. … 0 profiles
[998/4921] Andromeda Technology Solutions … 7 profiles
[999/4921] Arium … 11 profiles
[1000/4921] SemTech IT Solutions … 8 profiles
[1001/4921] TechPulse … 5 profiles
[1002/4921] XL.net … 8 profiles
[1003/4921] Five Nines … 10 profiles
[1004/4921] IT GOAT … 10 profiles
[1005/4921] Abtech Technologies … 10 profiles
[1006/4921] Realnets … 10 profiles
[1007/4921] Consilien … 7 profiles
[1008/4921] KiZAN Technologies … 10 profiles
[1009/4921] IT LAB. LLC … 0 profiles
[1010/4921] Katalism Cybersecurity … 1 profiles
[1011/4921] RDA … 10 profiles
[1012/4921] Global Point Technology Solutions … 4 profiles
[1013/4921] Portola Systems. Inc … 0 profiles
[1014/4921] Capital Techies … 7 profiles
[1015/4921] Results Technology … 9 profiles
[1016/4921] Trianz … 5 profiles
[1017/4921] Data Magic Computer Services … 4 profiles
[1018/4921] Sentry IT. LLC … 0 profiles
[1019/4921] Ferrara IT Services … 5 profiles
[1020/4921] Bridgehead IT … 7 profiles
[1021/4921] 4th and Bailey … 1 profiles
[1022/4921] KMicro Tech. Inc. … 0 profiles
[1023/4921] Technical Support International … 9 profiles
[1024/4921] Bandwidth Simplified … 1 profiles
[1025/4921] Gennovacap Technology … 4 profiles
[1026/4921] Sparta Services LLC … 4 profiles
[1027/4921] North Labs … 7 profiles
[1028/4921] TechSage Solutions … 6 profiles
[1029/4921] Intrinsic Technology … 10 profiles
[1030/4921] Inacom Information Systems … 10 profiles
[1031/4921] AKAVEIL Technologies Inc. … 3 profiles
[1032/4921] Zeta Sky … 9 profiles
[1033/4921] Data Dynamics. Inc. … 0 profiles
[1034/4921] Boston Tech Company … 1 profiles
[1035/4921] Powered Teknologies … 2 profiles
[1036/4921] Leapfrog Services … 10 profiles
[1037/4921] Compudyne … 10 profiles
[1038/4921] Healthy Technology Solutions … 3 profiles
[1039/4921] CMIT Solutions of Carlsbad … 1 profiles
[1040/4921] TDH IT … 2 profiles
[1041/4921] HoustonTech … 9 profiles
[1042/4921] Zen Technology Solutions … 2 profiles
[1043/4921] Genuity IT … 1 profiles
[1044/4921] Masterpoint … 4 profiles
[1045/4921] Armakuni … 5 profiles
[1046/4921] ASi-Networks … 0 profiles
[1047/4921] Networx IT Solutions … 3 profiles
[1048/4921] Integrita Systems … 5 profiles
[1049/4921] International Integrated Solutions. Ltd … 0 profiles
[1050/4921] StackOverdrive … 0 profiles
[1051/4921] Flagship Networks. Inc. … 0 profiles
[1052/4921] Remi IT Solutions … 6 profiles
[1053/4921] 7th Di Technologies … 7 profiles
[1054/4921] CloudFountain Inc … 5 profiles
[1055/4921] Lannan Technologies … 9 profiles
[1056/4921] RedCell Technologies … 8 profiles
[1057/4921] GoSaaS … 9 profiles
[1058/4921] Integris … 10 profiles
[1059/4921] Zazz … 5 profiles
[1060/4921] Bit by Bit Computer Consultants … 7 profiles
[1061/4921] Infracore … 10 profiles
[1062/4921] Uprite Services … 10 profiles
[1063/4921] Netrio (formerly PCA Technology Group) … 0 profiles
[1064/4921] Xvand Technology Corp. … 0 profiles
[1065/4921] MIS Solutions. Inc … 0 profiles
[1066/4921] CyberDuo … 8 profiles
[1067/4921] Parachute Technology … 10 profiles
[1068/4921] Total Networks … 8 profiles
[1069/4921] Applied Tech … 10 profiles
[1070/4921] TechMD … 10 profiles
[1071/4921] TPx Communications … 10 profiles
[1072/4921] BetterWorld Technology … 7 profiles
[1073/4921] designDATA … 10 profiles
[1074/4921] Netrio (formerly SUCCESS Computer Consulting) … 1 profiles
[1075/4921] Dataprise … 10 profiles
[1076/4921] Framework IT … 10 profiles
[1077/4921] BCA IT. Inc. … 0 profiles
[1078/4921] Andromeda Technology Solutions … 7 profiles
[1079/4921] Arium … 11 profiles
[1080/4921] SemTech IT Solutions … 8 profiles
[1081/4921] TechPulse … 5 profiles
[1082/4921] XL.net … 8 profiles
[1083/4921] Five Nines … 10 profiles
[1084/4921] IT GOAT … 10 profiles
[1085/4921] Abtech Technologies … 10 profiles
[1086/4921] Realnets … 10 profiles
[1087/4921] Consilien … 7 profiles
[1088/4921] US Resources. Inc. … 0 profiles
[1089/4921] LinkKonnect Systems Solutions … 1 profiles
[1090/4921] Leverage IT Consulting … 10 profiles
[1091/4921] Logismico … 1 profiles
[1092/4921] Clear Tech … 9 profiles
[1093/4921] The i4 Group … 6 profiles
[1094/4921] Octafy … 1 profiles
[1095/4921] TekReach Solutions | Albatross Cloud … 0 profiles
[1096/4921] 4it Inc. … 3 profiles
[1097/4921] slashBlue … 10 profiles
[1098/4921] Cloudacio … 1 profiles
[1099/4921] Network Elites … 10 profiles
[1100/4921] InsITe Business Solutions. Inc. … 0 profiles
[1101/4921] LISS Technologies … 10 profiles
[1102/4921] Intellectyx Inc … 0 profiles
[1103/4921] Freedom Tech … 7 profiles
[1104/4921] Leveldesk … 4 profiles
[1105/4921] Network Remedy … 9 profiles
[1106/4921] EKI Digital … 4 profiles
[1107/4921] Atrium … 10 profiles
[1108/4921] HexaCorp … 7 profiles
[1109/4921] Jetty IT Solutions … 0 profiles
[1110/4921] Palisade Technology Solutions … 3 profiles
[1111/4921] Layer8 Consulting. Inc. … 0 profiles
[1112/4921] ITUNeed … 0 profiles
[1113/4921] Dynamic Quest - Managed IT Services … 10 profiles
[1114/4921] Webhead … 0 profiles
[1115/4921] Abel Solutions … 10 profiles
[1116/4921] Ranger Business Solutions … 6 profiles
[1117/4921] AIS Network … 9 profiles
[1118/4921] Ideas Factory US … 1 profiles
[1119/4921] Cloud7 … 1 profiles
[1120/4921] Prestige Systems … 4 profiles
[1121/4921] Data Collaboration Services … 3 profiles
[1122/4921] Citara Systems … 9 profiles
[1123/4921] Solzorro … 6 profiles
[1124/4921] Remote IT Solutions … 5 profiles
[1125/4921] Ventcom Consulting … 0 profiles
[1126/4921] HCLSoftware … 8 profiles
[1127/4921] Starlink Nexus LLC … 0 profiles
[1128/4921] Deep Sight … 4 profiles
[1129/4921] The Sailor Group … 7 profiles
[1130/4921] Cloud Consulting Inc. … 4 profiles
[1131/4921] Cinter Unison Networks … 5 profiles
[1132/4921] R2Consulting … 2 profiles
[1133/4921] Computer Systems Plus … 8 profiles
[1134/4921] Merlion Solutions. LLC … 0 profiles
[1135/4921] SWK Technologies. Inc. … 0 profiles
[1136/4921] NuAge Experts. LLC … 0 profiles
[1137/4921] Novatech. Inc. … 0 profiles
[1138/4921] Integris … 10 profiles
[1139/4921] Zazz … 5 profiles
[1140/4921] Bit by Bit Computer Consultants … 7 profiles
[1141/4921] Infracore … 10 profiles
[1142/4921] Uprite Services … 10 profiles
[1143/4921] Netrio (formerly PCA Technology Group) … 0 profiles
[1144/4921] Xvand Technology Corp. … 0 profiles
[1145/4921] MIS Solutions. Inc … 0 profiles
[1146/4921] CyberDuo … 8 profiles
[1147/4921] Parachute Technology … 10 profiles
[1148/4921] Total Networks … 8 profiles
[1149/4921] Applied Tech … 10 profiles
[1150/4921] TechMD … 10 profiles
[1151/4921] TPx Communications … 10 profiles
[1152/4921] BetterWorld Technology … 7 profiles
[1153/4921] designDATA … 10 profiles
[1154/4921] Netrio (formerly SUCCESS Computer Consulting) … 1 profiles
[1155/4921] Dataprise … 10 profiles
[1156/4921] Framework IT … 10 profiles
[1157/4921] BCA IT. Inc. … 0 profiles
[1158/4921] Andromeda Technology Solutions … 7 profiles
[1159/4921] Arium … 11 profiles
[1160/4921] SemTech IT Solutions … 8 profiles
[1161/4921] TechPulse … 5 profiles
[1162/4921] XL.net … 8 profiles
[1163/4921] Five Nines … 10 profiles
[1164/4921] IT GOAT … 10 profiles
[1165/4921] Abtech Technologies … 10 profiles
[1166/4921] Realnets … 10 profiles
[1167/4921] Consilien … 7 profiles
[1168/4921] Acumen Technology … 10 profiles
[1169/4921] Prestar Consulting … 2 profiles
[1170/4921] BCM One … 11 profiles
[1171/4921] Braden Business Systems … 10 profiles
[1172/4921] Endsight … 10 profiles
[1173/4921] WayPath Consulting … 2 profiles
[1174/4921] Evergreen … 10 profiles
[1175/4921] Vaco … 12 profiles
[1176/4921] CompuData … 8 profiles
[1177/4921] NeoTech Networks LLC … 3 profiles
[1178/4921] Machado Consulting. Inc. … 0 profiles
[1179/4921] Comprehensive Data Services. Inc … 0 profiles
[1180/4921] DP Solutions … 10 profiles
[1181/4921] Intelligent Technical Solutions … 10 profiles
[1182/4921] Gant Systems … 8 profiles
[1183/4921] Pendello Solutions … 10 profiles
[1184/4921] Velonex Technologies … 10 profiles
[1185/4921] ClearScale … 9 profiles
[1186/4921] LANConnect Systems … 10 profiles
[1187/4921] SymSoft Solutions … 10 profiles
[1188/4921] Finland Tech Solutions … 0 profiles
[1189/4921] Maxima Consulting … 6 profiles
[1190/4921] Contigo IT Services Austin … 0 profiles
[1191/4921] Tabush Group … 10 profiles
[1192/4921] EXP Technical … 5 profiles
[1193/4921] QuestingHound Technology Partners - IT Support Company & Managed Services Provider … 0 profiles
[1194/4921] KML Computer Services … 6 profiles
[1195/4921] NAKA Tech … 8 profiles
[1196/4921] Valeo Networks Inc. … 10 profiles
[1197/4921] RyanTech … 9 profiles
[1198/4921] Bizco Technologies … 10 profiles
[1199/4921] Sunera Technologies … 5 profiles
[1200/4921] Clare Computer Solutions … 9 profiles
[1201/4921] HailBytes … 5 profiles
[1202/4921] iENGINEERING Corporation … 1 profiles
[1203/4921] inSync Computer Solutions … 8 profiles
[1204/4921] ArcSource Consulting Inc. … 9 profiles
[1205/4921] Silverline … 10 profiles
[1206/4921] Certified Nets Inc … 5 profiles
[1207/4921] MSRcosmos LLC … 9 profiles
[1208/4921] Business Information Solutions. Inc. … 0 profiles
[1209/4921] ITECS … 7 profiles
[1210/4921] CentricsIT … 10 profiles
[1211/4921] ClickAway IT Services … 0 profiles
[1212/4921] Cleartelligence … 10 profiles
[1213/4921] GCS Technologies … 10 profiles
[1214/4921] SymTec … 9 profiles
[1215/4921] WJP Technology Consultants … 4 profiles
[1216/4921] Enterprise Engineering Solutions … 3 profiles
[1217/4921] Navisite … 10 profiles
[1218/4921] Integris … 10 profiles
[1219/4921] Zazz … 5 profiles
[1220/4921] Bit by Bit Computer Consultants … 7 profiles
[1221/4921] Infracore … 10 profiles
[1222/4921] Uprite Services … 10 profiles
[1223/4921] Netrio (formerly PCA Technology Group) … 0 profiles
[1224/4921] Xvand Technology Corp. … 0 profiles
[1225/4921] MIS Solutions. Inc … 0 profiles
[1226/4921] CyberDuo … 8 profiles
[1227/4921] Parachute Technology … 10 profiles
[1228/4921] Total Networks … 8 profiles
[1229/4921] Applied Tech … 10 profiles
[1230/4921] TechMD … 10 profiles
[1231/4921] TPx Communications … 10 profiles
[1232/4921] BetterWorld Technology … 7 profiles
[1233/4921] designDATA … 10 profiles
[1234/4921] Netrio (formerly SUCCESS Computer Consulting) … 1 profiles
[1235/4921] Dataprise … 10 profiles
[1236/4921] Framework IT … 10 profiles
[1237/4921] BCA IT. Inc. … 0 profiles
[1238/4921] Andromeda Technology Solutions … 7 profiles
[1239/4921] Arium … 11 profiles
[1240/4921] SemTech IT Solutions … 8 profiles
[1241/4921] TechPulse … 5 profiles
[1242/4921] XL.net … 8 profiles
[1243/4921] Five Nines … 10 profiles
[1244/4921] IT GOAT … 10 profiles
[1245/4921] Abtech Technologies … 10 profiles
[1246/4921] Realnets … 10 profiles
[1247/4921] Consilien … 7 profiles
[1248/4921] The Isidore Group … 8 profiles
[1249/4921] Thoughtworks Software Technologies Ltd … 0 profiles
[1250/4921] OVHcloud … 6 profiles
[1251/4921] 1-800 Office Solutions … 2 profiles
[1252/4921] Network Titan … 6 profiles
[1253/4921] KaufmanIT. Inc. … 0 profiles
[1254/4921] mindSHIFT … 10 profiles
[1255/4921] Eze Castle Integration … 8 profiles
[1256/4921] All Covered … 10 profiles
[1257/4921] Netrix. LLC … 0 profiles
[1258/4921] Steadfast Networks … 9 profiles
[1259/4921] 2nd Watch … 9 profiles
[1260/4921] Core BTS … 10 profiles
[1261/4921] NETdepot … 9 profiles
[1262/4921] Minimalistech … 1 profiles
[1263/4921] Loffler Companies … 10 profiles
[1264/4921] CDI LLC … 10 profiles
[1265/4921] Coretelligent … 10 profiles
[1266/4921] Thrive … 10 profiles
[1267/4921] MicroAge … 10 profiles
[1268/4921] iVision … 10 profiles
[1269/4921] Acuative … 10 profiles
[1270/4921] PCS … 10 profiles
[1271/4921] NET Xperts LLC … 10 profiles
[1272/4921] GuideIT … 10 profiles
[1273/4921] CorpInfo … 9 profiles
[1274/4921] GeekTek IT Services … 5 profiles
[1275/4921] Innovative Communication Systems … 9 profiles
[1276/4921] Cumulus Global … 8 profiles
[1277/4921] Valiant Technology … 10 profiles
[1278/4921] Coretek Services … 10 profiles
[1279/4921] JDL Technologies. Inc. … 0 profiles
[1280/4921] Virteva … 10 profiles
[1281/4921] WheelHouse IT … 10 profiles
[1282/4921] Office1 … 10 profiles
[1283/4921] CloudScale365. Inc. … 0 profiles
[1284/4921] VIAcode … 9 profiles
[1285/4921] Rx Technology … 10 profiles
[1286/4921] UnitedLayer … 2 profiles
[1287/4921] Medicus IT … 10 profiles
[1288/4921] Baroan Technologies … 9 profiles
[1289/4921] Nobel Systems … 6 profiles
[1290/4921] VALINTRY … 10 profiles
[1291/4921] ACS Services … 10 profiles
[1292/4921] Systems Solutions (SSI) … 0 profiles
[1293/4921] Marimon IT Services … 0 profiles
[1294/4921] CIO Solutions … 10 profiles
[1295/4921] Accent Computer Solutions Inc. … 0 profiles
[1296/4921] VentureNet … 8 profiles
[1297/4921] Capital Network Solutions … 7 profiles
[1298/4921] Integris … 10 profiles
[1299/4921] Zazz … 5 profiles
[1300/4921] Bit by Bit Computer Consultants … 7 profiles
[1301/4921] Infracore … 10 profiles
[1302/4921] Uprite Services … 10 profiles
[1303/4921] Netrio (formerly PCA Technology Group) … 0 profiles
[1304/4921] Xvand Technology Corp. … 0 profiles
[1305/4921] MIS Solutions. Inc … 0 profiles
[1306/4921] CyberDuo … 8 profiles
[1307/4921] Parachute Technology … 10 profiles
[1308/4921] Total Networks … 8 profiles
[1309/4921] Applied Tech … 10 profiles
[1310/4921] TechMD … 10 profiles
[1311/4921] TPx Communications … 10 profiles
[1312/4921] BetterWorld Technology … 7 profiles
[1313/4921] designDATA … 10 profiles
[1314/4921] Netrio (formerly SUCCESS Computer Consulting) … 1 profiles
[1315/4921] Dataprise … 10 profiles
[1316/4921] Framework IT … 10 profiles
[1317/4921] BCA IT. Inc. … 0 profiles
[1318/4921] Andromeda Technology Solutions … 7 profiles
[1319/4921] Arium … 11 profiles
[1320/4921] SemTech IT Solutions … 8 profiles
[1321/4921] TechPulse … 5 profiles
[1322/4921] XL.net … 8 profiles
[1323/4921] Five Nines … 10 profiles
[1324/4921] IT GOAT … 10 profiles
[1325/4921] Abtech Technologies … 10 profiles
[1326/4921] Realnets … 10 profiles
[1327/4921] Consilien … 7 profiles
[1328/4921] BoomTech. Inc. … 0 profiles
[1329/4921] Kinetic Technology Group … 9 profiles
[1330/4921] TechHeights - Business IT Services Orange County … 9 profiles
[1331/4921] Dynamic Edge … 9 profiles
[1332/4921] Wizmo … 5 profiles
[1333/4921] GDT - General Datatech … 10 profiles
[1334/4921] Centre Technologies … 10 profiles
[1335/4921] Magnitech … 7 profiles
[1336/4921] Medicus IT … 10 profiles
[1337/4921] Stimulus Technologies … 8 profiles
[1338/4921] Falcon IT Services. Inc. … 0 profiles
[1339/4921] DivergeIT … 10 profiles
[1340/4921] Ascent Data … 9 profiles
[1341/4921] thinkCSC … 9 profiles
[1342/4921] Rite Software Solutions & Services LLP … 0 profiles
[1343/4921] Schilling IT … 4 profiles
[1344/4921] Cloudspace … 6 profiles
[1345/4921] ISSQUARED INC … 0 profiles
[1346/4921] Atomic Data … 10 profiles
[1347/4921] Glasser Tech LLC … 5 profiles
[1348/4921] CTS Companies … 8 profiles
[1349/4921] CenterGrid … 10 profiles
[1350/4921] Blue Jean Networks … 5 profiles
[1351/4921] IT for Education > A Division of Net A Corp … 0 profiles
[1352/4921] CCP Technologies … 2 profiles
[1353/4921] Datastream IT … 8 profiles
[1354/4921] Pc Express … 2 profiles
[1355/4921] Boston Networks. LLC … 0 profiles
[1356/4921] IT Y'ALL … 2 profiles
[1357/4921] Data Pros … 10 profiles
[1358/4921] Pacific Computer Consultants … 3 profiles
[1359/4921] Collett Systems LLC … 1 profiles
[1360/4921] M8trix Communications … 4 profiles
[1361/4921] Kraft & Kennedy. Inc. … 0 profiles
[1362/4921] IT Authorities … 10 profiles
[1363/4921] Exebridge … 7 profiles
[1364/4921] OnRamp Networks … 2 profiles
[1365/4921] Technologyville. Inc. … 0 profiles
[1366/4921] RedEye. Inc. … 0 profiles
[1367/4921] Kilpatrick It Solutions. LLC … 0 profiles
[1368/4921] Nextworks LLC … 1 profiles
[1369/4921] L7 Solutions … 3 profiles
[1370/4921] Lighthouse Technology Partners … 9 profiles
[1371/4921] Datum Consulting LLC … 1 profiles
[1372/4921] W3DATA … 0 profiles
[1373/4921] United Techno … 4 profiles
[1374/4921] True North IT … 3 profiles
[1375/4921] Centaris … 10 profiles
[1376/4921] FPA Technology Services Inc. … 0 profiles
[1377/4921] IT Solutions … 9 profiles
[1378/4921] Integris … 10 profiles
[1379/4921] Zazz … 5 profiles
[1380/4921] Bit by Bit Computer Consultants … 7 profiles
[1381/4921] Infracore … 10 profiles
[1382/4921] Uprite Services … 10 profiles
[1383/4921] Netrio (formerly PCA Technology Group) … 0 profiles
[1384/4921] Xvand Technology Corp. … 0 profiles
[1385/4921] MIS Solutions. Inc … 0 profiles
[1386/4921] CyberDuo … 8 profiles
[1387/4921] Parachute Technology … 10 profiles
[1388/4921] Total Networks … 8 profiles
[1389/4921] Applied Tech … 10 profiles
[1390/4921] TechMD … 10 profiles
[1391/4921] TPx Communications … 10 profiles
[1392/4921] BetterWorld Technology … 7 profiles
[1393/4921] designDATA … 10 profiles
[1394/4921] Netrio (formerly SUCCESS Computer Consulting) … 1 profiles
[1395/4921] Dataprise … 10 profiles
[1396/4921] Framework IT … 10 profiles
[1397/4921] BCA IT. Inc. … 0 profiles
[1398/4921] Andromeda Technology Solutions … 7 profiles
[1399/4921] Arium … 11 profiles
[1400/4921] SemTech IT Solutions … 8 profiles
[1401/4921] TechPulse … 5 profiles
[1402/4921] XL.net … 8 profiles
[1403/4921] Five Nines … 10 profiles
[1404/4921] IT GOAT … 10 profiles
[1405/4921] Abtech Technologies … 10 profiles
[1406/4921] Realnets … 10 profiles
[1407/4921] Consilien … 7 profiles
[1408/4921] Ideal Security and Technology … 2 profiles
[1409/4921] CyberProof … 8 profiles
[1410/4921] Advantech IT … 2 profiles
[1411/4921] TeamLogic IT by Visco Ventures … 0 profiles
[1412/4921] MYTE Technologies … 3 profiles
[1413/4921] Clover Ridge Media … 4 profiles
[1414/4921] LNS Solutions … 8 profiles
[1415/4921] Symmetry IT … 3 profiles
[1416/4921] Hanu an Insight Company … 0 profiles
[1417/4921] InnerPC … 4 profiles
[1418/4921] NOYNIM IT Solutions … 5 profiles
[1419/4921] ASMGi … 9 profiles
[1420/4921] Nice2GeekYou … 1 profiles
[1421/4921] Great Computer Solutions … 6 profiles
[1422/4921] CHR Managed Services … 0 profiles
[1423/4921] vTech Solution Inc … 10 profiles
[1424/4921] CEO Computers … 2 profiles
[1425/4921] Nexigen & Cyber Security … 0 profiles
[1426/4921] Excedeo IT Support San Diego … 0 profiles
[1427/4921] BroadMAX Networks … 3 profiles
[1428/4921] TREYSTA technology management … 3 profiles
[1429/4921] American Technology Services. LLC … 0 profiles
[1430/4921] MSH … 10 profiles
[1431/4921] Envision Consulting … 9 profiles
[1432/4921] Prodigy Technology Solutions … 5 profiles
[1433/4921] First Column IT … 10 profiles
[1434/4921] Phoenix Technology Group … 6 profiles
[1435/4921] Spire Technologies … 1 profiles
[1436/4921] Nettology … 6 profiles
[1437/4921] Broadview Technology Solutions LLC … 0 profiles
[1438/4921] INFOTECHTEAM INC. … 0 profiles
[1439/4921] Alina Technology Group. Inc. … 0 profiles
[1440/4921] Sungard Availability Services … 10 profiles
[1441/4921] Zones. LLC … 0 profiles
[1442/4921] Revtek IT Solutions … 0 profiles
[1443/4921] Kibalto … 1 profiles
[1444/4921] single point of contact … 9 profiles
[1445/4921] Network Coverage … 9 profiles
[1446/4921] Tech Advisors … 10 profiles
[1447/4921] Blackhawk MSP … 1 profiles
[1448/4921] FUNCSHUN … 5 profiles
[1449/4921] Systech Consulting … 7 profiles
[1450/4921] Long View Systems … 5 profiles
[1451/4921] Apex IT Group … 10 profiles
[1452/4921] Triton Technologies … 8 profiles
[1453/4921] Digitel Corporation … 10 profiles
[1454/4921] Total Tech IT Support Long Island. Managed IT Services Long Island … 0 profiles
[1455/4921] Tekscape Inc. … 0 profiles
[1456/4921] Symmetric Engineering Group … 6 profiles
[1457/4921] Guardian Computer. LLC … 0 profiles
[1458/4921] Integris … 10 profiles
[1459/4921] Zazz … 5 profiles
[1460/4921] Bit by Bit Computer Consultants … 7 profiles
[1461/4921] Infracore … 10 profiles
[1462/4921] Uprite Services … 10 profiles
[1463/4921] Netrio (formerly PCA Technology Group) … 0 profiles
[1464/4921] Xvand Technology Corp. … 0 profiles
[1465/4921] MIS Solutions. Inc … 0 profiles
[1466/4921] CyberDuo … 8 profiles
[1467/4921] Parachute Technology … 10 profiles
[1468/4921] Total Networks … 8 profiles
[1469/4921] Applied Tech … 10 profiles
[1470/4921] TechMD … 10 profiles
[1471/4921] TPx Communications … 10 profiles
[1472/4921] BetterWorld Technology … 7 profiles
[1473/4921] designDATA … 10 profiles
[1474/4921] Netrio (formerly SUCCESS Computer Consulting) … 1 profiles
[1475/4921] Dataprise … 10 profiles
[1476/4921] Framework IT … 10 profiles
[1477/4921] BCA IT. Inc. … 0 profiles
[1478/4921] Andromeda Technology Solutions … 7 profiles
[1479/4921] Arium … 11 profiles
[1480/4921] SemTech IT Solutions … 8 profiles
[1481/4921] TechPulse … 5 profiles
[1482/4921] XL.net … 8 profiles
[1483/4921] Five Nines … 10 profiles
[1484/4921] IT GOAT … 10 profiles
[1485/4921] Abtech Technologies … 10 profiles
[1486/4921] Realnets … 10 profiles
[1487/4921] Consilien … 7 profiles
[1488/4921] Ceeva … 10 profiles
[1489/4921] TAZ Networks. Inc … 0 profiles
[1490/4921] Biztek Solutions. Inc. … 0 profiles
[1491/4921] GXA … 10 profiles
[1492/4921] LANsultants … 6 profiles
[1493/4921] Aldridge … 10 profiles
[1494/4921] LAN Masters INC. … 1 profiles
[1495/4921] Network Heroes … 4 profiles
[1496/4921] NetCom Systems. Inc. … 0 profiles
[1497/4921] Quick Compute … 3 profiles
[1498/4921] Graffen … 4 profiles
[1499/4921] MicroMenders … 10 profiles
[1500/4921] CITOC … 8 profiles
[1501/4921] Logic Speak … 10 profiles
[1502/4921] Veracity Technologies … 10 profiles
[1503/4921] HOCS IT Support New York. IT Services New York … 0 profiles
[1504/4921] ITData. Inc. … 0 profiles
[1505/4921] Hi-Tech System Service. Inc. … 0 profiles
[1506/4921] IAG Business Technology … 7 profiles
[1507/4921] Mindcentric. Inc … 0 profiles
[1508/4921] IT Pros Management … 7 profiles
[1509/4921] Whitehat Virtual Technologies … 8 profiles
[1510/4921] DeepNet … 7 profiles
[1511/4921] CisCom Solutions … 9 profiles
[1512/4921] Oram Cybersecurity Advisors … 4 profiles
[1513/4921] Layer One Networks … 4 profiles
[1514/4921] Roan Solutions. Inc. … 0 profiles
[1515/4921] Covestic … 9 profiles
[1516/4921] RKON Technologies … 10 profiles
[1517/4921] Astreya … 10 profiles
[1518/4921] Synergy IT Solutions … 9 profiles
[1519/4921] Dressler Consulting … 3 profiles
[1520/4921] Unicom Technologies … 7 profiles
[1521/4921] Los Angeles IT … 2 profiles
[1522/4921] Gibraltar IT … 6 profiles
[1523/4921] Interplay IT … 1 profiles
[1524/4921] Fixit Phone Repair - iPhone Repair Cell Phone Repair & Computer Repair … 0 profiles
[1525/4921] Last Line Solutions. Inc … 0 profiles
[1526/4921] Atech Business Services … 2 profiles
[1527/4921] CloudSmart IT … 3 profiles
[1528/4921] Integrated Technology Systems … 8 profiles
[1529/4921] Opti-Vise IT … 1 profiles
[1530/4921] Conscious Networks … 5 profiles
[1531/4921] Kelyn Technologies … 9 profiles
[1532/4921] White Mountain IT Services … 10 profiles
[1533/4921] CyberHAWKS … 7 profiles
[1534/4921] Synivate … 7 profiles
[1535/4921] Simple support … 3 profiles
[1536/4921] Resonant Technology Partners … 10 profiles
[1537/4921] MindStream Analytics … 11 profiles
[1538/4921] Integris … 10 profiles
[1539/4921] Zazz … 5 profiles
[1540/4921] Bit by Bit Computer Consultants … 7 profiles
[1541/4921] Infracore … 10 profiles
[1542/4921] Uprite Services … 10 profiles
[1543/4921] Netrio (formerly PCA Technology Group) … 0 profiles
[1544/4921] Xvand Technology Corp. … 0 profiles
[1545/4921] MIS Solutions. Inc … 0 profiles
[1546/4921] CyberDuo … 8 profiles
[1547/4921] Parachute Technology … 10 profiles
[1548/4921] Total Networks … 8 profiles
[1549/4921] Applied Tech … 10 profiles
[1550/4921] TechMD … 10 profiles
[1551/4921] TPx Communications … 10 profiles
[1552/4921] BetterWorld Technology … 7 profiles
[1553/4921] designDATA … 10 profiles
[1554/4921] Netrio (formerly SUCCESS Computer Consulting) … 1 profiles
[1555/4921] Dataprise … 10 profiles
[1556/4921] Framework IT … 10 profiles
[1557/4921] BCA IT. Inc. … 0 profiles
[1558/4921] Andromeda Technology Solutions … 7 profiles
[1559/4921] Arium … 11 profiles
[1560/4921] SemTech IT Solutions … 8 profiles
[1561/4921] TechPulse … 5 profiles
[1562/4921] XL.net … 8 profiles
[1563/4921] Five Nines … 10 profiles
[1564/4921] IT GOAT … 10 profiles
[1565/4921] Abtech Technologies … 10 profiles
[1566/4921] Realnets … 10 profiles
[1567/4921] Consilien … 7 profiles
[1568/4921] LincolnIT … 8 profiles
[1569/4921] DYOPATH … 10 profiles
[1570/4921] CoNetrix … 10 profiles
[1571/4921] Xceptional … 8 profiles
[1572/4921] iAppSys … 6 profiles
[1573/4921] Data Networks … 10 profiles
[1574/4921] bodHOST … 1 profiles
[1575/4921] FOTHION … 6 profiles
[1576/4921] Avrem Technologies. LLC … 0 profiles
[1577/4921] AKA Comp Solutions … 10 profiles
[1578/4921] Computer Age … 1 profiles
[1579/4921] Traxler Consulting … 5 profiles
[1580/4921] Live Oak IT Partners … 10 profiles
[1581/4921] Progress Technology Solutions. Inc … 0 profiles
[1582/4921] Diverse CTI … 8 profiles
[1583/4921] Byte IT - IT Management Solutions … 0 profiles
[1584/4921] Edge Solutions Group … 9 profiles
[1585/4921] ALCON DTS … 6 profiles
[1586/4921] Vicinity … 10 profiles
[1587/4921] PSM Partners … 11 profiles
[1588/4921] CIO Landing … 9 profiles
[1589/4921] Wicresoft … 8 profiles
[1590/4921] Chiron IT … 2 profiles
[1591/4921] smartShift Technologies … 5 profiles
[1592/4921] Titan Technologies. LLC … 0 profiles
[1593/4921] Cobalt Iron … 10 profiles
[1594/4921] Drivetech. Inc. … 0 profiles
[1595/4921] itSynergy … 9 profiles
[1596/4921] ASG Information Technologies … 9 profiles
[1597/4921] MRE Consulting … 10 profiles
[1598/4921] Aptly Technology Corporation … 9 profiles
[1599/4921] Techspedient Networks … 1 profiles
[1600/4921] Datacate. Inc … 0 profiles
[1601/4921] ProTechtion IT … 2 profiles
[1602/4921] Flash IT Managed Services Provider … 0 profiles
[1603/4921] MTS … 11 profiles
[1604/4921] Nsight Inc. … 0 profiles
[1605/4921] HTML Global … 6 profiles
[1606/4921] ISmile Technologies … 8 profiles
[1607/4921] Quadrant Resource LLC … 7 profiles
[1608/4921] Provision Technologies LLP … 0 profiles
[1609/4921] My Remote Tech. Inc. … 0 profiles
[1610/4921] Blue Oak Technology Services … 0 profiles
[1611/4921] WTS - Waccamaw Telcom Systems … 0 profiles
[1612/4921] Haag Networking LLC … 0 profiles
[1613/4921] Newgentek … 10 profiles
[1614/4921] Byte Solutions. Inc. … 0 profiles
[1615/4921] Spectrum Enterprise - Healthcare - Dallas. Tx … 0 profiles
[1616/4921] Cybershield IT … 1 profiles
[1617/4921] Mull IT … 5 profiles
[1618/4921] Integris … 10 profiles
[1619/4921] Zazz … 5 profiles
[1620/4921] Bit by Bit Computer Consultants … 7 profiles
[1621/4921] Infracore … 10 profiles
[1622/4921] Uprite Services … 10 profiles
[1623/4921] Netrio (formerly PCA Technology Group) … 0 profiles
[1624/4921] Xvand Technology Corp. … 0 profiles
[1625/4921] MIS Solutions. Inc … 0 profiles
[1626/4921] CyberDuo … 8 profiles
[1627/4921] Parachute Technology … 10 profiles
[1628/4921] Total Networks … 8 profiles
[1629/4921] Applied Tech …